<?xml version="1.0" encoding="UTF-8"?>
<testng-results ignored="0" total="3" passed="2" failed="1" skipped="0">
  <reporter-output>
  </reporter-output>
  <suite started-at="2019-08-28T12:52:54Z" name="Suite" finished-at="2019-08-28T12:53:24Z" duration-ms="29595">
    <groups>
    </groups>
    <test started-at="2019-08-28T12:52:54Z" name="Test" finished-at="2019-08-28T12:53:24Z" duration-ms="29595">
      <class name="automationjar.session.BaseClass">
        <test-method signature="setup()[pri:0, instance:automationjar.session.BaseClass@120d6fe6]" started-at="2019-08-28T12:53:08Z" name="setup" finished-at="2019-08-28T12:53:24Z" duration-ms="15793" status="FAIL">
          <exception class="org.openqa.selenium.SessionNotCreatedException">
            <message>
              <![CDATA[session not created
from chrome not reachable
  (Session info: chrome=76.0.3809.132)
Build info: version: '3.141.59', revision: 'e82be7d358', time: '2018-11-14T08:17:03'
System info: host: 'ATMECSINLT-083', ip: '55.55.53.239', os.name: 'Windows 10', os.arch: 'amd64', os.version: '10.0', java.version: '12.0.1'
Driver info: driver.version: ChromeDriver
remote stacktrace: Backtrace:
Ordinal0 [0x01167C53+1473619]
Ordinal0 [0x010EAD71+961905]
Ordinal0 [0x0107415C+475484]
Ordinal0 [0x0106DAEA+449258]
Ordinal0 [0x0106E188+450952]
Ordinal0 [0x0106F295+455317]
Ordinal0 [0x0106B495+439445]
Ordinal0 [0x01074F10+478992]
Ordinal0 [0x010298FE+170238]
Ordinal0 [0x01028D1D+167197]
Ordinal0 [0x0102742B+160811]
Ordinal0 [0x01010AE6+68326]
Ordinal0 [0x01011BF0+72688]
Ordinal0 [0x01011B89+72585]
Ordinal0 [0x01104B37+1067831]
GetHandleVerifier [0x01206845+506677]
GetHandleVerifier [0x012065E0+506064]
GetHandleVerifier [0x0120D188+533624]
GetHandleVerifier [0x0120701A+508682]
Ordinal0 [0x010FC226+1032742]
Ordinal0 [0x010FC09F+1032351]
Ordinal0 [0x01106A4B+1075787]
Ordinal0 [0x01106BB3+1076147]
Ordinal0 [0x01105B65+1071973]
BaseThreadInitThunk [0x762F60C9+25]
RtlGetAppContainerNamedObjectPath [0x77127A94+228]
RtlGetAppContainerNamedObjectPath [0x77127A64+180]
]]>
            </message>
            <full-stacktrace>
              <![CDATA[org.openqa.selenium.SessionNotCreatedException: session not created
from chrome not reachable
  (Session info: chrome=76.0.3809.132)
Build info: version: '3.141.59', revision: 'e82be7d358', time: '2018-11-14T08:17:03'
System info: host: 'ATMECSINLT-083', ip: '55.55.53.239', os.name: 'Windows 10', os.arch: 'amd64', os.version: '10.0', java.version: '12.0.1'
Driver info: driver.version: ChromeDriver
remote stacktrace: Backtrace:
Ordinal0 [0x01167C53+1473619]
Ordinal0 [0x010EAD71+961905]
Ordinal0 [0x0107415C+475484]
Ordinal0 [0x0106DAEA+449258]
Ordinal0 [0x0106E188+450952]
Ordinal0 [0x0106F295+455317]
Ordinal0 [0x0106B495+439445]
Ordinal0 [0x01074F10+478992]
Ordinal0 [0x010298FE+170238]
Ordinal0 [0x01028D1D+167197]
Ordinal0 [0x0102742B+160811]
Ordinal0 [0x01010AE6+68326]
Ordinal0 [0x01011BF0+72688]
Ordinal0 [0x01011B89+72585]
Ordinal0 [0x01104B37+1067831]
GetHandleVerifier [0x01206845+506677]
GetHandleVerifier [0x012065E0+506064]
GetHandleVerifier [0x0120D188+533624]
GetHandleVerifier [0x0120701A+508682]
Ordinal0 [0x010FC226+1032742]
Ordinal0 [0x010FC09F+1032351]
Ordinal0 [0x01106A4B+1075787]
Ordinal0 [0x01106BB3+1076147]
Ordinal0 [0x01105B65+1071973]
BaseThreadInitThunk [0x762F60C9+25]
RtlGetAppContainerNamedObjectPath [0x77127A94+228]
RtlGetAppContainerNamedObjectPath [0x77127A64+180]

at java.base/jdk.internal.reflect.NativeConstructorAccessorImpl.newInstance0(Native Method)
at java.base/jdk.internal.reflect.NativeConstructorAccessorImpl.newInstance(NativeConstructorAccessorImpl.java:62)
at java.base/jdk.internal.reflect.DelegatingConstructorAccessorImpl.newInstance(DelegatingConstructorAccessorImpl.java:45)
at java.base/java.lang.reflect.Constructor.newInstanceWithCaller(Constructor.java:500)
at java.base/java.lang.reflect.Constructor.newInstance(Constructor.java:481)
at org.openqa.selenium.remote.W3CHandshakeResponse.lambda$errorHandler$0(W3CHandshakeResponse.java:62)
at org.openqa.selenium.remote.HandshakeResponse.lambda$getResponseFunction$0(HandshakeResponse.java:30)
at org.openqa.selenium.remote.ProtocolHandshake.lambda$createSession$0(ProtocolHandshake.java:126)
at java.base/java.util.stream.ReferencePipeline$3$1.accept(ReferencePipeline.java:195)
at java.base/java.util.Spliterators$ArraySpliterator.tryAdvance(Spliterators.java:958)
at java.base/java.util.stream.ReferencePipeline.forEachWithCancel(ReferencePipeline.java:127)
at java.base/java.util.stream.AbstractPipeline.copyIntoWithCancel(AbstractPipeline.java:502)
at java.base/java.util.stream.AbstractPipeline.copyInto(AbstractPipeline.java:488)
at java.base/java.util.stream.AbstractPipeline.wrapAndCopyInto(AbstractPipeline.java:474)
at java.base/java.util.stream.FindOps$FindOp.evaluateSequential(FindOps.java:150)
at java.base/java.util.stream.AbstractPipeline.evaluate(AbstractPipeline.java:234)
at java.base/java.util.stream.ReferencePipeline.findFirst(ReferencePipeline.java:543)
at org.openqa.selenium.remote.ProtocolHandshake.createSession(ProtocolHandshake.java:128)
at org.openqa.selenium.remote.ProtocolHandshake.createSession(ProtocolHandshake.java:74)
at org.openqa.selenium.remote.HttpCommandExecutor.execute(HttpCommandExecutor.java:136)
at org.openqa.selenium.remote.service.DriverCommandExecutor.execute(DriverCommandExecutor.java:83)
at org.openqa.selenium.remote.RemoteWebDriver.execute(RemoteWebDriver.java:552)
at org.openqa.selenium.remote.RemoteWebDriver.startSession(RemoteWebDriver.java:213)
at org.openqa.selenium.remote.RemoteWebDriver.<init>(RemoteWebDriver.java:131)
at org.openqa.selenium.chrome.ChromeDriver.<init>(ChromeDriver.java:181)
at org.openqa.selenium.chrome.ChromeDriver.<init>(ChromeDriver.java:168)
at org.openqa.selenium.chrome.ChromeDriver.<init>(ChromeDriver.java:123)
at automationjar.session.BaseClass.setup(BaseClass.java:17)
at java.base/jdk.internal.reflect.NativeMethodAccessorImpl.invoke0(Native Method)
at java.base/jdk.internal.reflect.NativeMethodAccessorImpl.invoke(NativeMethodAccessorImpl.java:62)
at java.base/jdk.internal.reflect.DelegatingMethodAccessorImpl.invoke(DelegatingMethodAccessorImpl.java:43)
at java.base/java.lang.reflect.Method.invoke(Method.java:567)
at org.testng.internal.MethodInvocationHelper.invokeMethod(MethodInvocationHelper.java:124)
at org.testng.internal.Invoker.invokeMethod(Invoker.java:583)
at org.testng.internal.Invoker.invokeTestMethod(Invoker.java:719)
at org.testng.internal.Invoker.invokeTestMethods(Invoker.java:989)
at org.testng.internal.TestMethodWorker.invokeTestMethods(TestMethodWorker.java:125)
at org.testng.internal.TestMethodWorker.run(TestMethodWorker.java:109)
at org.testng.TestRunner.privateRun(TestRunner.java:648)
at org.testng.TestRunner.run(TestRunner.java:505)
at org.testng.SuiteRunner.runTest(SuiteRunner.java:455)
at org.testng.SuiteRunner.runSequentially(SuiteRunner.java:450)
at org.testng.SuiteRunner.privateRun(SuiteRunner.java:415)
at org.testng.SuiteRunner.run(SuiteRunner.java:364)
at org.testng.SuiteRunnerWorker.runSuite(SuiteRunnerWorker.java:52)
at org.testng.SuiteRunnerWorker.run(SuiteRunnerWorker.java:84)
at org.testng.TestNG.runSuitesSequentially(TestNG.java:1208)
at org.testng.TestNG.runSuitesLocally(TestNG.java:1137)
at org.testng.TestNG.runSuites(TestNG.java:1049)
at org.testng.TestNG.run(TestNG.java:1017)
at org.apache.maven.surefire.testng.TestNGExecutor.run(TestNGExecutor.java:283)
at org.apache.maven.surefire.testng.TestNGXmlTestSuite.execute(TestNGXmlTestSuite.java:75)
at org.apache.maven.surefire.testng.TestNGProvider.invoke(TestNGProvider.java:120)
at org.apache.maven.surefire.booter.ForkedBooter.invokeProviderInSameClassLoader(ForkedBooter.java:384)
at org.apache.maven.surefire.booter.ForkedBooter.runSuitesInProcess(ForkedBooter.java:345)
at org.apache.maven.surefire.booter.ForkedBooter.execute(ForkedBooter.java:126)
at org.apache.maven.surefire.booter.ForkedBooter.main(ForkedBooter.java:418)
]]>
            </full-stacktrace>
          </exception> <!-- org.openqa.selenium.SessionNotCreatedException -->
          <reporter-output>
          </reporter-output>
        </test-method> <!-- setup -->
      </class> <!-- automationjar.session.BaseClass -->
      <class name="automationjar.testscripts.GoogleSearch">
        <test-method signature="setup()[pri:0, instance:automationjar.testscripts.GoogleSearch@1176dcec]" started-at="2019-08-28T12:52:54Z" name="setup" finished-at="2019-08-28T12:53:07Z" duration-ms="13388" status="PASS">
          <reporter-output>
          </reporter-output>
        </test-method> <!-- setup -->
        <test-method signature="SearchKeyWord()[pri:0, instance:automationjar.testscripts.GoogleSearch@1176dcec]" started-at="2019-08-28T12:53:07Z" name="SearchKeyWord" finished-at="2019-08-28T12:53:08Z" duration-ms="330" status="PASS">
          <reporter-output>
          </reporter-output>
        </test-method> <!-- SearchKeyWord -->
      </class> <!-- automationjar.testscripts.GoogleSearch -->
    </test> <!-- Test -->
  </suite> <!-- Suite -->
</testng-results>
